<?xml version="1.0" encoding="UTF-8"?>
<!-- Generated by org.testng.reporters.JUnitReportReporter -->
<testsuite hostname="MKLT01826" failures="0" tests="3" name="getRequest.GetData" time="1.760" errors="0" timestamp="11 Sep 2018 15:28:31 GMT" skipped="0">
  <testcase classname="getRequest.GetData" name="testResponcecode" time="1.405"/>
  <testcase classname="getRequest.GetData" name="testResponseEdit" time="0.163"/>
  <testcase classname="getRequest.GetData" name="testresponseBody" time="0.192"/>
</testsuite> <!-- getRequest.GetData -->
