<?xml version="1.0" encoding="UTF-8"?>
<!-- Generated by org.testng.reporters.JUnitReportReporter -->
<testsuite hostname="MKLT01826" failures="0" tests="3" name="getRequest.GetData" time="9.965" errors="0" timestamp="11 Sep 2018 13:30:23 GMT" skipped="0">
  <testcase classname="getRequest.GetData" name="testResponcecode" time="1.662"/>
  <testcase classname="getRequest.GetData" name="testResponseEdit" time="0.557"/>
  <testcase classname="getRequest.GetData" name="testresponseBody" time="7.746"/>
</testsuite> <!-- getRequest.GetData -->
